# JRE version: Java(TM) SE Runtime Environment (8.0_311-b11) (build 1.8.0_311-b11)
# Java VM: Java HotSpot(TM) 64-Bit Server VM (25.311-b11 mixed mode windows-amd64 compressed oops)
Heap:
 PSYoungGen      total 906752K, used 457215K [0x0000000776180000, 0x00000007ba380000, 0x00000007c0000000)
  eden space 722432K, 44% used [0x0000000776180000,0x00000007897f83f8,0x00000007a2300000)
  from space 184320K, 75% used [0x00000007ae280000,0x00000007b6a87a48,0x00000007b9680000)
  to   space 196096K, 0% used [0x00000007a2300000,0x00000007a2300000,0x00000007ae280000)
 ParOldGen       total 612864K, used 315847K [0x00000006e2400000, 0x0000000707a80000, 0x0000000776180000)
  object space 612864K, 51% used [0x00000006e2400000,0x00000006f5871cc0,0x0000000707a80000)
 Metaspace       used 46502K, capacity 49399K, committed 49536K, reserved 1091584K
  class space    used 6462K, capacity 6971K, committed 7040K, reserved 1048576K
GC Heap History (10 events):
Event: 1254.849 GC heap before
{Heap before GC invocations=23 (full 5):
 PSYoungGen      total 743424K, used 653914K [0x0000000776180000, 0x00000007b4780000, 0x00000007c0000000)
  eden space 555008K, 100% used [0x0000000776180000,0x0000000797f80000,0x0000000797f80000)
  from space 188416K, 52% used [0x0000000797f80000,0x000000079e016848,0x00000007a3780000)
  to   space 188928K, 0% used [0x00000007a8f00000,0x00000007a8f00000,0x00000007b4780000)
 ParOldGen       total 612864K, used 315807K [0x00000006e2400000, 0x0000000707a80000, 0x0000000776180000)
  object space 612864K, 51% used [0x00000006e2400000,0x00000006f5867cc0,0x0000000707a80000)
 Metaspace       used 46396K, capacity 49257K, committed 49536K, reserved 1091584K
  class space    used 6445K, capacity 6957K, committed 7040K, reserved 1048576K
Event: 1254.868 GC heap after
Heap after GC invocations=23 (full 5):
 PSYoungGen      total 804352K, used 99078K [0x0000000776180000, 0x00000007b3980000, 0x00000007c0000000)
  eden space 629760K, 0% used [0x0000000776180000,0x0000000776180000,0x000000079c880000)
  from space 174592K, 56% used [0x00000007a8f00000,0x00000007aefc1ad0,0x00000007b3980000)
  to   space 188928K, 0% used [0x000000079c880000,0x000000079c880000,0x00000007a8100000)
 ParOldGen       total 612864K, used 315815K [0x00000006e2400000, 0x0000000707a80000, 0x0000000776180000)
  object space 612864K, 51% used [0x00000006e2400000,0x00000006f5869cc0,0x0000000707a80000)
 Metaspace       used 46396K, capacity 49257K, committed 49536K, reserved 1091584K
  class space    used 6445K, capacity 6957K, committed 7040K, reserved 1048576K
}
Event: 1654.578 GC heap before
{Heap before GC invocations=24 (full 5):
 PSYoungGen      total 804352K, used 728838K [0x0000000776180000, 0x00000007b3980000, 0x00000007c0000000)
  eden space 629760K, 100% used [0x0000000776180000,0x000000079c880000,0x000000079c880000)
  from space 174592K, 56% used [0x00000007a8f00000,0x00000007aefc1ad0,0x00000007b3980000)
  to   space 188928K, 0% used [0x000000079c880000,0x000000079c880000,0x00000007a8100000)
 ParOldGen       total 612864K, used 315815K [0x00000006e2400000, 0x0000000707a80000, 0x0000000776180000)
  object space 612864K, 51% used [0x00000006e2400000,0x00000006f5869cc0,0x0000000707a80000)
 Metaspace       used 46404K, capacity 49269K, committed 49536K, reserved 1091584K
  class space    used 6447K, capacity 6959K, committed 7040K, reserved 1048576K
Event: 1654.600 GC heap after
Heap after GC invocations=24 (full 5):
 PSYoungGen      total 818688K, used 99081K [0x0000000776180000, 0x00000007b7a00000, 0x00000007c0000000)
  eden space 629760K, 0% used [0x0000000776180000,0x0000000776180000,0x000000079c880000)
  from space 188928K, 52% used [0x000000079c880000,0x00000007a2942738,0x00000007a8100000)
  to   space 187392K, 0% used [0x00000007ac300000,0x00000007ac300000,0x00000007b7a00000)
 ParOldGen       total 612864K, used 315823K [0x00000006e2400000, 0x0000000707a80000, 0x0000000776180000)
  object space 612864K, 51% used [0x00000006e2400000,0x00000006f586bcc0,0x0000000707a80000)
 Metaspace       used 46404K, capacity 49269K, committed 49536K, reserved 1091584K
  class space    used 6447K, capacity 6959K, committed 7040K, reserved 1048576K
}
Event: 2037.449 GC heap before
{Heap before GC invocations=25 (full 5):
 PSYoungGen      total 818688K, used 728841K [0x0000000776180000, 0x00000007b7a00000, 0x00000007c0000000)
  eden space 629760K, 100% used [0x0000000776180000,0x000000079c880000,0x000000079c880000)
  from space 188928K, 52% used [0x000000079c880000,0x00000007a2942738,0x00000007a8100000)
  to   space 187392K, 0% used [0x00000007ac300000,0x00000007ac300000,0x00000007b7a00000)
 ParOldGen       total 612864K, used 315823K [0x00000006e2400000, 0x0000000707a80000, 0x0000000776180000)
  object space 612864K, 51% used [0x00000006e2400000,0x00000006f586bcc0,0x0000000707a80000)
 Metaspace       used 46407K, capacity 49275K, committed 49536K, reserved 1091584K
  class space    used 6447K, capacity 6960K, committed 7040K, reserved 1048576K
Event: 2037.472 GC heap after
Heap after GC invocations=25 (full 5):
 PSYoungGen      total 857600K, used 100574K [0x0000000776180000, 0x00000007b6b00000, 0x00000007c0000000)
  eden space 685568K, 0% used [0x0000000776180000,0x0000000776180000,0x000000079ff00000)
  from space 172032K, 58% used [0x00000007ac300000,0x00000007b2537b08,0x00000007b6b00000)
  to   space 186368K, 0% used [0x000000079ff00000,0x000000079ff00000,0x00000007ab500000)
 ParOldGen       total 612864K, used 315831K [0x00000006e2400000, 0x0000000707a80000, 0x0000000776180000)
  object space 612864K, 51% used [0x00000006e2400000,0x00000006f586dcc0,0x0000000707a80000)
 Metaspace       used 46407K, capacity 49275K, committed 49536K, reserved 1091584K
  class space    used 6447K, capacity 6960K, committed 7040K, reserved 1048576K
}
Event: 2471.152 GC heap before
{Heap before GC invocations=26 (full 5):
 PSYoungGen      total 857600K, used 786142K [0x0000000776180000, 0x00000007b6b00000, 0x00000007c0000000)
  eden space 685568K, 100% used [0x0000000776180000,0x000000079ff00000,0x000000079ff00000)
  from space 172032K, 58% used [0x00000007ac300000,0x00000007b2537b08,0x00000007b6b00000)
  to   space 186368K, 0% used [0x000000079ff00000,0x000000079ff00000,0x00000007ab500000)
 ParOldGen       total 612864K, used 315831K [0x00000006e2400000, 0x0000000707a80000, 0x0000000776180000)
  object space 612864K, 51% used [0x00000006e2400000,0x00000006f586dcc0,0x0000000707a80000)
 Metaspace       used 46422K, capacity 49299K, committed 49536K, reserved 1091584K
  class space    used 6449K, capacity 6964K, committed 7040K, reserved 1048576K
Event: 2471.170 GC heap after
Heap after GC invocations=26 (full 5):
 PSYoungGen      total 871936K, used 100218K [0x0000000776180000, 0x00000007b9680000, 0x00000007c0000000)
  eden space 685568K, 0% used [0x0000000776180000,0x0000000776180000,0x000000079ff00000)
  from space 186368K, 53% used [0x000000079ff00000,0x00000007a60de910,0x00000007ab500000)
  to   space 184320K, 0% used [0x00000007ae280000,0x00000007ae280000,0x00000007b9680000)
 ParOldGen       total 612864K, used 315839K [0x00000006e2400000, 0x0000000707a80000, 0x0000000776180000)
  object space 612864K, 51% used [0x00000006e2400000,0x00000006f586fcc0,0x0000000707a80000)
 Metaspace       used 46422K, capacity 49299K, committed 49536K, reserved 1091584K
  class space    used 6449K, capacity 6964K, committed 7040K, reserved 1048576K
}
Event: 2562.468 GC heap before
{Heap before GC invocations=27 (full 5):
 PSYoungGen      total 871936K, used 785786K [0x0000000776180000, 0x00000007b9680000, 0x00000007c0000000)
  eden space 685568K, 100% used [0x0000000776180000,0x000000079ff00000,0x000000079ff00000)
  from space 186368K, 53% used [0x000000079ff00000,0x00000007a60de910,0x00000007ab500000)
  to   space 184320K, 0% used [0x00000007ae280000,0x00000007ae280000,0x00000007b9680000)
 ParOldGen       total 612864K, used 315839K [0x00000006e2400000, 0x0000000707a80000, 0x0000000776180000)
  object space 612864K, 51% used [0x00000006e2400000,0x00000006f586fcc0,0x0000000707a80000)
 Metaspace       used 46425K, capacity 49299K, committed 49536K, reserved 1091584K
  class space    used 6449K, capacity 6964K, committed 7040K, reserved 1048576K
Event: 2562.491 GC heap after
Heap after GC invocations=27 (full 5):
 PSYoungGen      total 906752K, used 139294K [0x0000000776180000, 0x00000007ba380000, 0x00000007c0000000)
  eden space 722432K, 0% used [0x0000000776180000,0x0000000776180000,0x00000007a2300000)
  from space 184320K, 75% used [0x00000007ae280000,0x00000007b6a87a48,0x00000007b9680000)
  to   space 196096K, 0% used [0x00000007a2300000,0x00000007a2300000,0x00000007ae280000)
 ParOldGen       total 612864K, used 315847K [0x00000006e2400000, 0x0000000707a80000, 0x0000000776180000)
  object space 612864K, 51% used [0x00000006e2400000,0x00000006f5871cc0,0x0000000707a80000)
 Metaspace       used 46425K, capacity 49299K, committed 49536K, reserved 1091584K
  class space    used 6449K, capacity 6964K, committed 7040K, reserved 1048576K
}

